<?xml version="1.0" encoding="UTF-8"?>
<testsuite xmlns:xsi="http://www.w3.org/2001/XMLSchema-instance" xsi:noNamespaceSchemaLocation="https://maven.apache.org/surefire/maven-surefire-plugin/xsd/surefire-test-report-3.0.xsd" version="3.0" name="app.music.playlist.PlaylistApplicationTests" time="2.056" tests="1" errors="0" skipped="0" failures="0">
  <properties>
    <property name="java.specification.version" value="20"/>
    <property name="sun.jnu.encoding" value="UTF-8"/>
    <property name="java.class.path" value="/Volumes/Dev Abyss/Project/react-springboot-music-app/backend/target/test-classes:/Volumes/Dev Abyss/Project/react-springboot-music-app/backend/target/classes:/Users/gm_abhishek/.m2/repository/org/springframework/boot/spring-boot-starter-data-jpa/3.1.0/spring-boot-starter-data-jpa-3.1.0.jar:/Users/gm_abhishek/.m2/repository/org/springframework/boot/spring-boot-starter-aop/3.1.0/spring-boot-starter-aop-3.1.0.jar:/Users/gm_abhishek/.m2/repository/org/springframework/spring-aop/6.0.9/spring-aop-6.0.9.jar:/Users/gm_abhishek/.m2/repository/org/aspectj/aspectjweaver/1.9.19/aspectjweaver-1.9.19.jar:/Users/gm_abhishek/.m2/repository/org/springframework/boot/spring-boot-starter-jdbc/3.1.0/spring-boot-starter-jdbc-3.1.0.jar:/Users/gm_abhishek/.m2/repository/com/zaxxer/HikariCP/5.0.1/HikariCP-5.0.1.jar:/Users/gm_abhishek/.m2/repository/org/springframework/spring-jdbc/6.0.9/spring-jdbc-6.0.9.jar:/Users/gm_abhishek/.m2/repository/org/hibernate/orm/hibernate-core/6.2.2.Final/hibernate-core-6.2.2.Final.jar:/Users/gm_abhishek/.m2/repository/jakarta/persistence/jakarta.persistence-api/3.1.0/jakarta.persistence-api-3.1.0.jar:/Users/gm_abhishek/.m2/repository/jakarta/transaction/jakarta.transaction-api/2.0.1/jakarta.transaction-api-2.0.1.jar:/Users/gm_abhishek/.m2/repository/org/jboss/logging/jboss-logging/3.5.0.Final/jboss-logging-3.5.0.Final.jar:/Users/gm_abhishek/.m2/repository/org/hibernate/common/hibernate-commons-annotations/6.0.6.Final/hibernate-commons-annotations-6.0.6.Final.jar:/Users/gm_abhishek/.m2/repository/io/smallrye/jandex/3.0.5/jandex-3.0.5.jar:/Users/gm_abhishek/.m2/repository/com/fasterxml/classmate/1.5.1/classmate-1.5.1.jar:/Users/gm_abhishek/.m2/repository/net/bytebuddy/byte-buddy/1.14.4/byte-buddy-1.14.4.jar:/Users/gm_abhishek/.m2/repository/org/glassfish/jaxb/jaxb-runtime/4.0.2/jaxb-runtime-4.0.2.jar:/Users/gm_abhishek/.m2/repository/org/glassfish/jaxb/jaxb-core/4.0.2/jaxb-core-4.0.2.jar:/Users/gm_abhishek/.m2/repository/org/eclipse/angus/angus-activation/2.0.0/angus-activation-2.0.0.jar:/Users/gm_abhishek/.m2/repository/org/glassfish/jaxb/txw2/4.0.2/txw2-4.0.2.jar:/Users/gm_abhishek/.m2/repository/com/sun/istack/istack-commons-runtime/4.1.1/istack-commons-runtime-4.1.1.jar:/Users/gm_abhishek/.m2/repository/jakarta/inject/jakarta.inject-api/2.0.1/jakarta.inject-api-2.0.1.jar:/Users/gm_abhishek/.m2/repository/org/antlr/antlr4-runtime/4.10.1/antlr4-runtime-4.10.1.jar:/Users/gm_abhishek/.m2/repository/org/springframework/data/spring-data-jpa/3.1.0/spring-data-jpa-3.1.0.jar:/Users/gm_abhishek/.m2/repository/org/springframework/data/spring-data-commons/3.1.0/spring-data-commons-3.1.0.jar:/Users/gm_abhishek/.m2/repository/org/springframework/spring-orm/6.0.9/spring-orm-6.0.9.jar:/Users/gm_abhishek/.m2/repository/org/springframework/spring-context/6.0.9/spring-context-6.0.9.jar:/Users/gm_abhishek/.m2/repository/org/springframework/spring-tx/6.0.9/spring-tx-6.0.9.jar:/Users/gm_abhishek/.m2/repository/org/springframework/spring-beans/6.0.9/spring-beans-6.0.9.jar:/Users/gm_abhishek/.m2/repository/jakarta/annotation/jakarta.annotation-api/2.1.1/jakarta.annotation-api-2.1.1.jar:/Users/gm_abhishek/.m2/repository/org/slf4j/slf4j-api/2.0.7/slf4j-api-2.0.7.jar:/Users/gm_abhishek/.m2/repository/org/springframework/spring-aspects/6.0.9/spring-aspects-6.0.9.jar:/Users/gm_abhishek/.m2/repository/org/springframework/boot/spring-boot-starter-web/3.1.0/spring-boot-starter-web-3.1.0.jar:/Users/gm_abhishek/.m2/repository/org/springframework/boot/spring-boot-starter/3.1.0/spring-boot-starter-3.1.0.jar:/Users/gm_abhishek/.m2/repository/org/springframework/boot/spring-boot/3.1.0/spring-boot-3.1.0.jar:/Users/gm_abhishek/.m2/repository/org/springframework/boot/spring-boot-autoconfigure/3.1.0/spring-boot-autoconfigure-3.1.0.jar:/Users/gm_abhishek/.m2/repository/org/springframework/boot/spring-boot-starter-logging/3.1.0/spring-boot-starter-logging-3.1.0.jar:/Users/gm_abhishek/.m2/repository/ch/qos/logback/logback-classic/1.4.7/logback-classic-1.4.7.jar:/Users/gm_abhishek/.m2/repository/ch/qos/logback/logback-core/1.4.7/logback-core-1.4.7.jar:/Users/gm_abhishek/.m2/repository/org/apache/logging/log4j/log4j-to-slf4j/2.20.0/log4j-to-slf4j-2.20.0.jar:/Users/gm_abhishek/.m2/repository/org/apache/logging/log4j/log4j-api/2.20.0/log4j-api-2.20.0.jar:/Users/gm_abhishek/.m2/repository/org/slf4j/jul-to-slf4j/2.0.7/jul-to-slf4j-2.0.7.jar:/Users/gm_abhishek/.m2/repository/org/yaml/snakeyaml/1.33/snakeyaml-1.33.jar:/Users/gm_abhishek/.m2/repository/org/springframework/boot/spring-boot-starter-json/3.1.0/spring-boot-starter-json-3.1.0.jar:/Users/gm_abhishek/.m2/repository/com/fasterxml/jackson/core/jackson-databind/2.15.0/jackson-databind-2.15.0.jar:/Users/gm_abhishek/.m2/repository/com/fasterxml/jackson/core/jackson-annotations/2.15.0/jackson-annotations-2.15.0.jar:/Users/gm_abhishek/.m2/repository/com/fasterxml/jackson/core/jackson-core/2.15.0/jackson-core-2.15.0.jar:/Users/gm_abhishek/.m2/repository/com/fasterxml/jackson/datatype/jackson-datatype-jdk8/2.15.0/jackson-datatype-jdk8-2.15.0.jar:/Users/gm_abhishek/.m2/repository/com/fasterxml/jackson/datatype/jackson-datatype-jsr310/2.15.0/jackson-datatype-jsr310-2.15.0.jar:/Users/gm_abhishek/.m2/repository/com/fasterxml/jackson/module/jackson-module-parameter-names/2.15.0/jackson-module-parameter-names-2.15.0.jar:/Users/gm_abhishek/.m2/repository/org/springframework/boot/spring-boot-starter-tomcat/3.1.0/spring-boot-starter-tomcat-3.1.0.jar:/Users/gm_abhishek/.m2/repository/org/apache/tomcat/embed/tomcat-embed-core/10.1.8/tomcat-embed-core-10.1.8.jar:/Users/gm_abhishek/.m2/repository/org/apache/tomcat/embed/tomcat-embed-el/10.1.8/tomcat-embed-el-10.1.8.jar:/Users/gm_abhishek/.m2/repository/org/apache/tomcat/embed/tomcat-embed-websocket/10.1.8/tomcat-embed-websocket-10.1.8.jar:/Users/gm_abhishek/.m2/repository/org/springframework/spring-web/6.0.9/spring-web-6.0.9.jar:/Users/gm_abhishek/.m2/repository/io/micrometer/micrometer-observation/1.11.0/micrometer-observation-1.11.0.jar:/Users/gm_abhishek/.m2/repository/io/micrometer/micrometer-commons/1.11.0/micrometer-commons-1.11.0.jar:/Users/gm_abhishek/.m2/repository/org/springframework/spring-webmvc/6.0.9/spring-webmvc-6.0.9.jar:/Users/gm_abhishek/.m2/repository/org/springframework/spring-expression/6.0.9/spring-expression-6.0.9.jar:/Users/gm_abhishek/.m2/repository/com/h2database/h2/2.1.214/h2-2.1.214.jar:/Users/gm_abhishek/.m2/repository/com/mysql/mysql-connector-j/8.0.33/mysql-connector-j-8.0.33.jar:/Users/gm_abhishek/.m2/repository/org/springframework/boot/spring-boot-starter-test/3.1.0/spring-boot-starter-test-3.1.0.jar:/Users/gm_abhishek/.m2/repository/org/springframework/boot/spring-boot-test/3.1.0/spring-boot-test-3.1.0.jar:/Users/gm_abhishek/.m2/repository/org/springframework/boot/spring-boot-test-autoconfigure/3.1.0/spring-boot-test-autoconfigure-3.1.0.jar:/Users/gm_abhishek/.m2/repository/com/jayway/jsonpath/json-path/2.8.0/json-path-2.8.0.jar:/Users/gm_abhishek/.m2/repository/jakarta/xml/bind/jakarta.xml.bind-api/4.0.0/jakarta.xml.bind-api-4.0.0.jar:/Users/gm_abhishek/.m2/repository/jakarta/activation/jakarta.activation-api/2.1.2/jakarta.activation-api-2.1.2.jar:/Users/gm_abhishek/.m2/repository/net/minidev/json-smart/2.4.10/json-smart-2.4.10.jar:/Users/gm_abhishek/.m2/repository/net/minidev/accessors-smart/2.4.9/accessors-smart-2.4.9.jar:/Users/gm_abhishek/.m2/repository/org/ow2/asm/asm/9.3/asm-9.3.jar:/Users/gm_abhishek/.m2/repository/org/assertj/assertj-core/3.24.2/assertj-core-3.24.2.jar:/Users/gm_abhishek/.m2/repository/org/hamcrest/hamcrest/2.2/hamcrest-2.2.jar:/Users/gm_abhishek/.m2/repository/org/junit/jupiter/junit-jupiter/5.9.3/junit-jupiter-5.9.3.jar:/Users/gm_abhishek/.m2/repository/org/junit/jupiter/junit-jupiter-api/5.9.3/junit-jupiter-api-5.9.3.jar:/Users/gm_abhishek/.m2/repository/org/opentest4j/opentest4j/1.2.0/opentest4j-1.2.0.jar:/Users/gm_abhishek/.m2/repository/org/junit/platform/junit-platform-commons/1.9.3/junit-platform-commons-1.9.3.jar:/Users/gm_abhishek/.m2/repository/org/apiguardian/apiguardian-api/1.1.2/apiguardian-api-1.1.2.jar:/Users/gm_abhishek/.m2/repository/org/junit/jupiter/junit-jupiter-params/5.9.3/junit-jupiter-params-5.9.3.jar:/Users/gm_abhishek/.m2/repository/org/junit/jupiter/junit-jupiter-engine/5.9.3/junit-jupiter-engine-5.9.3.jar:/Users/gm_abhishek/.m2/repository/org/junit/platform/junit-platform-engine/1.9.3/junit-platform-engine-1.9.3.jar:/Users/gm_abhishek/.m2/repository/org/mockito/mockito-core/5.3.1/mockito-core-5.3.1.jar:/Users/gm_abhishek/.m2/repository/net/bytebuddy/byte-buddy-agent/1.14.4/byte-buddy-agent-1.14.4.jar:/Users/gm_abhishek/.m2/repository/org/objenesis/objenesis/3.3/objenesis-3.3.jar:/Users/gm_abhishek/.m2/repository/org/mockito/mockito-junit-jupiter/5.3.1/mockito-junit-jupiter-5.3.1.jar:/Users/gm_abhishek/.m2/repository/org/skyscreamer/jsonassert/1.5.1/jsonassert-1.5.1.jar:/Users/gm_abhishek/.m2/repository/com/vaadin/external/google/android-json/0.0.20131108.vaadin1/android-json-0.0.20131108.vaadin1.jar:/Users/gm_abhishek/.m2/repository/org/springframework/spring-core/6.0.9/spring-core-6.0.9.jar:/Users/gm_abhishek/.m2/repository/org/springframework/spring-jcl/6.0.9/spring-jcl-6.0.9.jar:/Users/gm_abhishek/.m2/repository/org/springframework/spring-test/6.0.9/spring-test-6.0.9.jar:/Users/gm_abhishek/.m2/repository/org/xmlunit/xmlunit-core/2.9.1/xmlunit-core-2.9.1.jar:/Users/gm_abhishek/.m2/repository/com/amazonaws/aws-java-sdk/1.11.163/aws-java-sdk-1.11.163.jar:/Users/gm_abhishek/.m2/repository/com/amazonaws/aws-java-sdk-dax/1.11.163/aws-java-sdk-dax-1.11.163.jar:/Users/gm_abhishek/.m2/repository/com/amazonaws/jmespath-java/1.11.163/jmespath-java-1.11.163.jar:/Users/gm_abhishek/.m2/repository/com/amazonaws/aws-java-sdk-greengrass/1.11.163/aws-java-sdk-greengrass-1.11.163.jar:/Users/gm_abhishek/.m2/repository/com/amazonaws/aws-java-sdk-athena/1.11.163/aws-java-sdk-athena-1.11.163.jar:/Users/gm_abhishek/.m2/repository/com/amazonaws/aws-java-sdk-marketplaceentitlement/1.11.163/aws-java-sdk-marketplaceentitlement-1.11.163.jar:/Users/gm_abhishek/.m2/repository/com/amazonaws/aws-java-sdk-codestar/1.11.163/aws-java-sdk-codestar-1.11.163.jar:/Users/gm_abhishek/.m2/repository/com/amazonaws/aws-java-sdk-lexmodelbuilding/1.11.163/aws-java-sdk-lexmodelbuilding-1.11.163.jar:/Users/gm_abhishek/.m2/repository/com/amazonaws/aws-java-sdk-resourcegroupstaggingapi/1.11.163/aws-java-sdk-resourcegroupstaggingapi-1.11.163.jar:/Users/gm_abhishek/.m2/repository/com/amazonaws/aws-java-sdk-pinpoint/1.11.163/aws-java-sdk-pinpoint-1.11.163.jar:/Users/gm_abhishek/.m2/repository/com/amazonaws/aws-java-sdk-xray/1.11.163/aws-java-sdk-xray-1.11.163.jar:/Users/gm_abhishek/.m2/repository/com/amazonaws/aws-java-sdk-opsworkscm/1.11.163/aws-java-sdk-opsworkscm-1.11.163.jar:/Users/gm_abhishek/.m2/repository/com/amazonaws/aws-java-sdk-support/1.11.163/aws-java-sdk-support-1.11.163.jar:/Users/gm_abhishek/.m2/repository/com/amazonaws/aws-java-sdk-simpledb/1.11.163/aws-java-sdk-simpledb-1.11.163.jar:/Users/gm_abhishek/.m2/repository/com/amazonaws/aws-java-sdk-servicecatalog/1.11.163/aws-java-sdk-servicecatalog-1.11.163.jar:/Users/gm_abhishek/.m2/repository/com/amazonaws/aws-java-sdk-servermigration/1.11.163/aws-java-sdk-servermigration-1.11.163.jar:/Users/gm_abhishek/.m2/repository/com/amazonaws/aws-java-sdk-simpleworkflow/1.11.163/aws-java-sdk-simpleworkflow-1.11.163.jar:/Users/gm_abhishek/.m2/repository/com/amazonaws/aws-java-sdk-storagegateway/1.11.163/aws-java-sdk-storagegateway-1.11.163.jar:/Users/gm_abhishek/.m2/repository/com/amazonaws/aws-java-sdk-route53/1.11.163/aws-java-sdk-route53-1.11.163.jar:/Users/gm_abhishek/.m2/repository/com/amazonaws/aws-java-sdk-s3/1.11.163/aws-java-sdk-s3-1.11.163.jar:/Users/gm_abhishek/.m2/repository/com/amazonaws/aws-java-sdk-importexport/1.11.163/aws-java-sdk-importexport-1.11.163.jar:/Users/gm_abhishek/.m2/repository/com/amazonaws/aws-java-sdk-sts/1.11.163/aws-java-sdk-sts-1.11.163.jar:/Users/gm_abhishek/.m2/repository/com/amazonaws/aws-java-sdk-sqs/1.11.163/aws-java-sdk-sqs-1.11.163.jar:/Users/gm_abhishek/.m2/repository/com/amazonaws/aws-java-sdk-rds/1.11.163/aws-java-sdk-rds-1.11.163.jar:/Users/gm_abhishek/.m2/repository/com/amazonaws/aws-java-sdk-redshift/1.11.163/aws-java-sdk-redshift-1.11.163.jar:/Users/gm_abhishek/.m2/repository/com/amazonaws/aws-java-sdk-elasticbeanstalk/1.11.163/aws-java-sdk-elasticbeanstalk-1.11.163.jar:/Users/gm_abhishek/.m2/repository/com/amazonaws/aws-java-sdk-glacier/1.11.163/aws-java-sdk-glacier-1.11.163.jar:/Users/gm_abhishek/.m2/repository/com/amazonaws/aws-java-sdk-iam/1.11.163/aws-java-sdk-iam-1.11.163.jar:/Users/gm_abhishek/.m2/repository/com/amazonaws/aws-java-sdk-datapipeline/1.11.163/aws-java-sdk-datapipeline-1.11.163.jar:/Users/gm_abhishek/.m2/repository/com/amazonaws/aws-java-sdk-elasticloadbalancing/1.11.163/aws-java-sdk-elasticloadbalancing-1.11.163.jar:/Users/gm_abhishek/.m2/repository/com/amazonaws/aws-java-sdk-elasticloadbalancingv2/1.11.163/aws-java-sdk-elasticloadbalancingv2-1.11.163.jar:/Users/gm_abhishek/.m2/repository/com/amazonaws/aws-java-sdk-emr/1.11.163/aws-java-sdk-emr-1.11.163.jar:/Users/gm_abhishek/.m2/repository/com/amazonaws/aws-java-sdk-elasticache/1.11.163/aws-java-sdk-elasticache-1.11.163.jar:/Users/gm_abhishek/.m2/repository/com/amazonaws/aws-java-sdk-elastictranscoder/1.11.163/aws-java-sdk-elastictranscoder-1.11.163.jar:/Users/gm_abhishek/.m2/repository/com/amazonaws/aws-java-sdk-ec2/1.11.163/aws-java-sdk-ec2-1.11.163.jar:/Users/gm_abhishek/.m2/repository/com/amazonaws/aws-java-sdk-dynamodb/1.11.163/aws-java-sdk-dynamodb-1.11.163.jar:/Users/gm_abhishek/.m2/repository/com/amazonaws/aws-java-sdk-sns/1.11.163/aws-java-sdk-sns-1.11.163.jar:/Users/gm_abhishek/.m2/repository/com/amazonaws/aws-java-sdk-budgets/1.11.163/aws-java-sdk-budgets-1.11.163.jar:/Users/gm_abhishek/.m2/repository/com/amazonaws/aws-java-sdk-cloudtrail/1.11.163/aws-java-sdk-cloudtrail-1.11.163.jar:/Users/gm_abhishek/.m2/repository/com/amazonaws/aws-java-sdk-cloudwatch/1.11.163/aws-java-sdk-cloudwatch-1.11.163.jar:/Users/gm_abhishek/.m2/repository/com/amazonaws/aws-java-sdk-logs/1.11.163/aws-java-sdk-logs-1.11.163.jar:/Users/gm_abhishek/.m2/repository/com/amazonaws/aws-java-sdk-events/1.11.163/aws-java-sdk-events-1.11.163.jar:/Users/gm_abhishek/.m2/repository/com/amazonaws/aws-java-sdk-cognitoidentity/1.11.163/aws-java-sdk-cognitoidentity-1.11.163.jar:/Users/gm_abhishek/.m2/repository/com/amazonaws/aws-java-sdk-cognitosync/1.11.163/aws-java-sdk-cognitosync-1.11.163.jar:/Users/gm_abhishek/.m2/repository/com/amazonaws/aws-java-sdk-directconnect/1.11.163/aws-java-sdk-directconnect-1.11.163.jar:/Users/gm_abhishek/.m2/repository/com/amazonaws/aws-java-sdk-cloudformation/1.11.163/aws-java-sdk-cloudformation-1.11.163.jar:/Users/gm_abhishek/.m2/repository/com/amazonaws/aws-java-sdk-cloudfront/1.11.163/aws-java-sdk-cloudfront-1.11.163.jar:/Users/gm_abhishek/.m2/repository/com/amazonaws/aws-java-sdk-clouddirectory/1.11.163/aws-java-sdk-clouddirectory-1.11.163.jar:/Users/gm_abhishek/.m2/repository/com/amazonaws/aws-java-sdk-kinesis/1.11.163/aws-java-sdk-kinesis-1.11.163.jar:/Users/gm_abhishek/.m2/repository/com/amazonaws/aws-java-sdk-opsworks/1.11.163/aws-java-sdk-opsworks-1.11.163.jar:/Users/gm_abhishek/.m2/repository/com/amazonaws/aws-java-sdk-ses/1.11.163/aws-java-sdk-ses-1.11.163.jar:/Users/gm_abhishek/.m2/repository/com/amazonaws/aws-java-sdk-autoscaling/1.11.163/aws-java-sdk-autoscaling-1.11.163.jar:/Users/gm_abhishek/.m2/repository/com/amazonaws/aws-java-sdk-cloudsearch/1.11.163/aws-java-sdk-cloudsearch-1.11.163.jar:/Users/gm_abhishek/.m2/repository/com/amazonaws/aws-java-sdk-cloudwatchmetrics/1.11.163/aws-java-sdk-cloudwatchmetrics-1.11.163.jar:/Users/gm_abhishek/.m2/repository/com/amazonaws/aws-java-sdk-codedeploy/1.11.163/aws-java-sdk-codedeploy-1.11.163.jar:/Users/gm_abhishek/.m2/repository/com/amazonaws/aws-java-sdk-codepipeline/1.11.163/aws-java-sdk-codepipeline-1.11.163.jar:/Users/gm_abhishek/.m2/repository/com/amazonaws/aws-java-sdk-kms/1.11.163/aws-java-sdk-kms-1.11.163.jar:/Users/gm_abhishek/.m2/repository/com/amazonaws/aws-java-sdk-config/1.11.163/aws-java-sdk-config-1.11.163.jar:/Users/gm_abhishek/.m2/repository/com/amazonaws/aws-java-sdk-lambda/1.11.163/aws-java-sdk-lambda-1.11.163.jar:/Users/gm_abhishek/.m2/repository/com/amazonaws/aws-java-sdk-ecs/1.11.163/aws-java-sdk-ecs-1.11.163.jar:/Users/gm_abhishek/.m2/repository/com/amazonaws/aws-java-sdk-ecr/1.11.163/aws-java-sdk-ecr-1.11.163.jar:/Users/gm_abhishek/.m2/repository/com/amazonaws/aws-java-sdk-cloudhsm/1.11.163/aws-java-sdk-cloudhsm-1.11.163.jar:/Users/gm_abhishek/.m2/repository/com/amazonaws/aws-java-sdk-ssm/1.11.163/aws-java-sdk-ssm-1.11.163.jar:/Users/gm_abhishek/.m2/repository/com/amazonaws/aws-java-sdk-workspaces/1.11.163/aws-java-sdk-workspaces-1.11.163.jar:/Users/gm_abhishek/.m2/repository/com/amazonaws/aws-java-sdk-machinelearning/1.11.163/aws-java-sdk-machinelearning-1.11.163.jar:/Users/gm_abhishek/.m2/repository/com/amazonaws/aws-java-sdk-directory/1.11.163/aws-java-sdk-directory-1.11.163.jar:/Users/gm_abhishek/.m2/repository/com/amazonaws/aws-java-sdk-efs/1.11.163/aws-java-sdk-efs-1.11.163.jar:/Users/gm_abhishek/.m2/repository/com/amazonaws/aws-java-sdk-codecommit/1.11.163/aws-java-sdk-codecommit-1.11.163.jar:/Users/gm_abhishek/.m2/repository/com/amazonaws/aws-java-sdk-devicefarm/1.11.163/aws-java-sdk-devicefarm-1.11.163.jar:/Users/gm_abhishek/.m2/repository/com/amazonaws/aws-java-sdk-elasticsearch/1.11.163/aws-java-sdk-elasticsearch-1.11.163.jar:/Users/gm_abhishek/.m2/repository/com/amazonaws/aws-java-sdk-waf/1.11.163/aws-java-sdk-waf-1.11.163.jar:/Users/gm_abhishek/.m2/repository/com/amazonaws/aws-java-sdk-marketplacecommerceanalytics/1.11.163/aws-java-sdk-marketplacecommerceanalytics-1.11.163.jar:/Users/gm_abhishek/.m2/repository/com/amazonaws/aws-java-sdk-inspector/1.11.163/aws-java-sdk-inspector-1.11.163.jar:/Users/gm_abhishek/.m2/repository/com/amazonaws/aws-java-sdk-iot/1.11.163/aws-java-sdk-iot-1.11.163.jar:/Users/gm_abhishek/.m2/repository/com/amazonaws/aws-java-sdk-api-gateway/1.11.163/aws-java-sdk-api-gateway-1.11.163.jar:/Users/gm_abhishek/.m2/repository/com/amazonaws/aws-java-sdk-acm/1.11.163/aws-java-sdk-acm-1.11.163.jar:/Users/gm_abhishek/.m2/repository/com/amazonaws/aws-java-sdk-gamelift/1.11.163/aws-java-sdk-gamelift-1.11.163.jar:/Users/gm_abhishek/.m2/repository/com/amazonaws/aws-java-sdk-dms/1.11.163/aws-java-sdk-dms-1.11.163.jar:/Users/gm_abhishek/.m2/repository/com/amazonaws/aws-java-sdk-marketplacemeteringservice/1.11.163/aws-java-sdk-marketplacemeteringservice-1.11.163.jar:/Users/gm_abhishek/.m2/repository/com/amazonaws/aws-java-sdk-cognitoidp/1.11.163/aws-java-sdk-cognitoidp-1.11.163.jar:/Users/gm_abhishek/.m2/repository/com/amazonaws/aws-java-sdk-discovery/1.11.163/aws-java-sdk-discovery-1.11.163.jar:/Users/gm_abhishek/.m2/repository/com/amazonaws/aws-java-sdk-applicationautoscaling/1.11.163/aws-java-sdk-applicationautoscaling-1.11.163.jar:/Users/gm_abhishek/.m2/repository/com/amazonaws/aws-java-sdk-snowball/1.11.163/aws-java-sdk-snowball-1.11.163.jar:/Users/gm_abhishek/.m2/repository/com/amazonaws/aws-java-sdk-rekognition/1.11.163/aws-java-sdk-rekognition-1.11.163.jar:/Users/gm_abhishek/.m2/repository/com/amazonaws/aws-java-sdk-polly/1.11.163/aws-java-sdk-polly-1.11.163.jar:/Users/gm_abhishek/.m2/repository/com/amazonaws/aws-java-sdk-lightsail/1.11.163/aws-java-sdk-lightsail-1.11.163.jar:/Users/gm_abhishek/.m2/repository/com/amazonaws/aws-java-sdk-stepfunctions/1.11.163/aws-java-sdk-stepfunctions-1.11.163.jar:/Users/gm_abhishek/.m2/repository/com/amazonaws/aws-java-sdk-health/1.11.163/aws-java-sdk-health-1.11.163.jar:/Users/gm_abhishek/.m2/repository/com/amazonaws/aws-java-sdk-costandusagereport/1.11.163/aws-java-sdk-costandusagereport-1.11.163.jar:/Users/gm_abhishek/.m2/repository/com/amazonaws/aws-java-sdk-codebuild/1.11.163/aws-java-sdk-codebuild-1.11.163.jar:/Users/gm_abhishek/.m2/repository/com/amazonaws/aws-java-sdk-appstream/1.11.163/aws-java-sdk-appstream-1.11.163.jar:/Users/gm_abhishek/.m2/repository/com/amazonaws/aws-java-sdk-shield/1.11.163/aws-java-sdk-shield-1.11.163.jar:/Users/gm_abhishek/.m2/repository/com/amazonaws/aws-java-sdk-batch/1.11.163/aws-java-sdk-batch-1.11.163.jar:/Users/gm_abhishek/.m2/repository/com/amazonaws/aws-java-sdk-lex/1.11.163/aws-java-sdk-lex-1.11.163.jar:/Users/gm_abhishek/.m2/repository/com/amazonaws/aws-java-sdk-mechanicalturkrequester/1.11.163/aws-java-sdk-mechanicalturkrequester-1.11.163.jar:/Users/gm_abhishek/.m2/repository/com/amazonaws/aws-java-sdk-organizations/1.11.163/aws-java-sdk-organizations-1.11.163.jar:/Users/gm_abhishek/.m2/repository/com/amazonaws/aws-java-sdk-workdocs/1.11.163/aws-java-sdk-workdocs-1.11.163.jar:/Users/gm_abhishek/.m2/repository/com/amazonaws/aws-java-sdk-core/1.11.163/aws-java-sdk-core-1.11.163.jar:/Users/gm_abhishek/.m2/repository/commons-logging/commons-logging/1.1.3/commons-logging-1.1.3.jar:/Users/gm_abhishek/.m2/repository/org/apache/httpcomponents/httpclient/4.5.2/httpclient-4.5.2.jar:/Users/gm_abhishek/.m2/repository/org/apache/httpcomponents/httpcore/4.4.16/httpcore-4.4.16.jar:/Users/gm_abhishek/.m2/repository/commons-codec/commons-codec/1.15/commons-codec-1.15.jar:/Users/gm_abhishek/.m2/repository/software/amazon/ion/ion-java/1.0.2/ion-java-1.0.2.jar:/Users/gm_abhishek/.m2/repository/com/fasterxml/jackson/dataformat/jackson-dataformat-cbor/2.15.0/jackson-dataformat-cbor-2.15.0.jar:/Users/gm_abhishek/.m2/repository/joda-time/joda-time/2.8.1/joda-time-2.8.1.jar:/Users/gm_abhishek/.m2/repository/com/amazonaws/aws-java-sdk-models/1.11.163/aws-java-sdk-models-1.11.163.jar:/Users/gm_abhishek/.m2/repository/com/amazonaws/aws-java-sdk-swf-libraries/1.11.22/aws-java-sdk-swf-libraries-1.11.22.jar:"/>
    <property name="java.vm.vendor" value="Homebrew"/>
    <property name="sun.arch.data.model" value="64"/>
    <property name="java.vendor.url" value="https://github.com/Homebrew/homebrew-core/issues"/>
    <property name="user.timezone" value="Asia/Kolkata"/>
    <property name="org.jboss.logging.provider" value="slf4j"/>
    <property name="os.name" value="Mac OS X"/>
    <property name="java.vm.specification.version" value="20"/>
    <property name="sun.java.launcher" value="SUN_STANDARD"/>
    <property name="user.country" value="IN"/>
    <property name="sun.boot.library.path" value="/opt/homebrew/Cellar/openjdk/20.0.1/libexec/openjdk.jdk/Contents/Home/lib"/>
    <property name="sun.java.command" value="/Volumes/Dev Abyss/Project/react-springboot-music-app/backend/target/surefire/surefirebooter-20230612223720061_3.jar /Volumes/Dev Abyss/Project/react-springboot-music-app/backend/target/surefire 2023-06-12T22-37-20_026-jvmRun1 surefire-20230612223720061_1tmp surefire_0-20230612223720061_2tmp"/>
    <property name="http.nonProxyHosts" value="local|*.local|169.254/16|*.169.254/16"/>
    <property name="jdk.debug" value="release"/>
    <property name="surefire.test.class.path" value="/Volumes/Dev Abyss/Project/react-springboot-music-app/backend/target/test-classes:/Volumes/Dev Abyss/Project/react-springboot-music-app/backend/target/classes:/Users/gm_abhishek/.m2/repository/org/springframework/boot/spring-boot-starter-data-jpa/3.1.0/spring-boot-starter-data-jpa-3.1.0.jar:/Users/gm_abhishek/.m2/repository/org/springframework/boot/spring-boot-starter-aop/3.1.0/spring-boot-starter-aop-3.1.0.jar:/Users/gm_abhishek/.m2/repository/org/springframework/spring-aop/6.0.9/spring-aop-6.0.9.jar:/Users/gm_abhishek/.m2/repository/org/aspectj/aspectjweaver/1.9.19/aspectjweaver-1.9.19.jar:/Users/gm_abhishek/.m2/repository/org/springframework/boot/spring-boot-starter-jdbc/3.1.0/spring-boot-starter-jdbc-3.1.0.jar:/Users/gm_abhishek/.m2/repository/com/zaxxer/HikariCP/5.0.1/HikariCP-5.0.1.jar:/Users/gm_abhishek/.m2/repository/org/springframework/spring-jdbc/6.0.9/spring-jdbc-6.0.9.jar:/Users/gm_abhishek/.m2/repository/org/hibernate/orm/hibernate-core/6.2.2.Final/hibernate-core-6.2.2.Final.jar:/Users/gm_abhishek/.m2/repository/jakarta/persistence/jakarta.persistence-api/3.1.0/jakarta.persistence-api-3.1.0.jar:/Users/gm_abhishek/.m2/repository/jakarta/transaction/jakarta.transaction-api/2.0.1/jakarta.transaction-api-2.0.1.jar:/Users/gm_abhishek/.m2/repository/org/jboss/logging/jboss-logging/3.5.0.Final/jboss-logging-3.5.0.Final.jar:/Users/gm_abhishek/.m2/repository/org/hibernate/common/hibernate-commons-annotations/6.0.6.Final/hibernate-commons-annotations-6.0.6.Final.jar:/Users/gm_abhishek/.m2/repository/io/smallrye/jandex/3.0.5/jandex-3.0.5.jar:/Users/gm_abhishek/.m2/repository/com/fasterxml/classmate/1.5.1/classmate-1.5.1.jar:/Users/gm_abhishek/.m2/repository/net/bytebuddy/byte-buddy/1.14.4/byte-buddy-1.14.4.jar:/Users/gm_abhishek/.m2/repository/org/glassfish/jaxb/jaxb-runtime/4.0.2/jaxb-runtime-4.0.2.jar:/Users/gm_abhishek/.m2/repository/org/glassfish/jaxb/jaxb-core/4.0.2/jaxb-core-4.0.2.jar:/Users/gm_abhishek/.m2/repository/org/eclipse/angus/angus-activation/2.0.0/angus-activation-2.0.0.jar:/Users/gm_abhishek/.m2/repository/org/glassfish/jaxb/txw2/4.0.2/txw2-4.0.2.jar:/Users/gm_abhishek/.m2/repository/com/sun/istack/istack-commons-runtime/4.1.1/istack-commons-runtime-4.1.1.jar:/Users/gm_abhishek/.m2/repository/jakarta/inject/jakarta.inject-api/2.0.1/jakarta.inject-api-2.0.1.jar:/Users/gm_abhishek/.m2/repository/org/antlr/antlr4-runtime/4.10.1/antlr4-runtime-4.10.1.jar:/Users/gm_abhishek/.m2/repository/org/springframework/data/spring-data-jpa/3.1.0/spring-data-jpa-3.1.0.jar:/Users/gm_abhishek/.m2/repository/org/springframework/data/spring-data-commons/3.1.0/spring-data-commons-3.1.0.jar:/Users/gm_abhishek/.m2/repository/org/springframework/spring-orm/6.0.9/spring-orm-6.0.9.jar:/Users/gm_abhishek/.m2/repository/org/springframework/spring-context/6.0.9/spring-context-6.0.9.jar:/Users/gm_abhishek/.m2/repository/org/springframework/spring-tx/6.0.9/spring-tx-6.0.9.jar:/Users/gm_abhishek/.m2/repository/org/springframework/spring-beans/6.0.9/spring-beans-6.0.9.jar:/Users/gm_abhishek/.m2/repository/jakarta/annotation/jakarta.annotation-api/2.1.1/jakarta.annotation-api-2.1.1.jar:/Users/gm_abhishek/.m2/repository/org/slf4j/slf4j-api/2.0.7/slf4j-api-2.0.7.jar:/Users/gm_abhishek/.m2/repository/org/springframework/spring-aspects/6.0.9/spring-aspects-6.0.9.jar:/Users/gm_abhishek/.m2/repository/org/springframework/boot/spring-boot-starter-web/3.1.0/spring-boot-starter-web-3.1.0.jar:/Users/gm_abhishek/.m2/repository/org/springframework/boot/spring-boot-starter/3.1.0/spring-boot-starter-3.1.0.jar:/Users/gm_abhishek/.m2/repository/org/springframework/boot/spring-boot/3.1.0/spring-boot-3.1.0.jar:/Users/gm_abhishek/.m2/repository/org/springframework/boot/spring-boot-autoconfigure/3.1.0/spring-boot-autoconfigure-3.1.0.jar:/Users/gm_abhishek/.m2/repository/org/springframework/boot/spring-boot-starter-logging/3.1.0/spring-boot-starter-logging-3.1.0.jar:/Users/gm_abhishek/.m2/repository/ch/qos/logback/logback-classic/1.4.7/logback-classic-1.4.7.jar:/Users/gm_abhishek/.m2/repository/ch/qos/logback/logback-core/1.4.7/logback-core-1.4.7.jar:/Users/gm_abhishek/.m2/repository/org/apache/logging/log4j/log4j-to-slf4j/2.20.0/log4j-to-slf4j-2.20.0.jar:/Users/gm_abhishek/.m2/repository/org/apache/logging/log4j/log4j-api/2.20.0/log4j-api-2.20.0.jar:/Users/gm_abhishek/.m2/repository/org/slf4j/jul-to-slf4j/2.0.7/jul-to-slf4j-2.0.7.jar:/Users/gm_abhishek/.m2/repository/org/yaml/snakeyaml/1.33/snakeyaml-1.33.jar:/Users/gm_abhishek/.m2/repository/org/springframework/boot/spring-boot-starter-json/3.1.0/spring-boot-starter-json-3.1.0.jar:/Users/gm_abhishek/.m2/repository/com/fasterxml/jackson/core/jackson-databind/2.15.0/jackson-databind-2.15.0.jar:/Users/gm_abhishek/.m2/repository/com/fasterxml/jackson/core/jackson-annotations/2.15.0/jackson-annotations-2.15.0.jar:/Users/gm_abhishek/.m2/repository/com/fasterxml/jackson/core/jackson-core/2.15.0/jackson-core-2.15.0.jar:/Users/gm_abhishek/.m2/repository/com/fasterxml/jackson/datatype/jackson-datatype-jdk8/2.15.0/jackson-datatype-jdk8-2.15.0.jar:/Users/gm_abhishek/.m2/repository/com/fasterxml/jackson/datatype/jackson-datatype-jsr310/2.15.0/jackson-datatype-jsr310-2.15.0.jar:/Users/gm_abhishek/.m2/repository/com/fasterxml/jackson/module/jackson-module-parameter-names/2.15.0/jackson-module-parameter-names-2.15.0.jar:/Users/gm_abhishek/.m2/repository/org/springframework/boot/spring-boot-starter-tomcat/3.1.0/spring-boot-starter-tomcat-3.1.0.jar:/Users/gm_abhishek/.m2/repository/org/apache/tomcat/embed/tomcat-embed-core/10.1.8/tomcat-embed-core-10.1.8.jar:/Users/gm_abhishek/.m2/repository/org/apache/tomcat/embed/tomcat-embed-el/10.1.8/tomcat-embed-el-10.1.8.jar:/Users/gm_abhishek/.m2/repository/org/apache/tomcat/embed/tomcat-embed-websocket/10.1.8/tomcat-embed-websocket-10.1.8.jar:/Users/gm_abhishek/.m2/repository/org/springframework/spring-web/6.0.9/spring-web-6.0.9.jar:/Users/gm_abhishek/.m2/repository/io/micrometer/micrometer-observation/1.11.0/micrometer-observation-1.11.0.jar:/Users/gm_abhishek/.m2/repository/io/micrometer/micrometer-commons/1.11.0/micrometer-commons-1.11.0.jar:/Users/gm_abhishek/.m2/repository/org/springframework/spring-webmvc/6.0.9/spring-webmvc-6.0.9.jar:/Users/gm_abhishek/.m2/repository/org/springframework/spring-expression/6.0.9/spring-expression-6.0.9.jar:/Users/gm_abhishek/.m2/repository/com/h2database/h2/2.1.214/h2-2.1.214.jar:/Users/gm_abhishek/.m2/repository/com/mysql/mysql-connector-j/8.0.33/mysql-connector-j-8.0.33.jar:/Users/gm_abhishek/.m2/repository/org/springframework/boot/spring-boot-starter-test/3.1.0/spring-boot-starter-test-3.1.0.jar:/Users/gm_abhishek/.m2/repository/org/springframework/boot/spring-boot-test/3.1.0/spring-boot-test-3.1.0.jar:/Users/gm_abhishek/.m2/repository/org/springframework/boot/spring-boot-test-autoconfigure/3.1.0/spring-boot-test-autoconfigure-3.1.0.jar:/Users/gm_abhishek/.m2/repository/com/jayway/jsonpath/json-path/2.8.0/json-path-2.8.0.jar:/Users/gm_abhishek/.m2/repository/jakarta/xml/bind/jakarta.xml.bind-api/4.0.0/jakarta.xml.bind-api-4.0.0.jar:/Users/gm_abhishek/.m2/repository/jakarta/activation/jakarta.activation-api/2.1.2/jakarta.activation-api-2.1.2.jar:/Users/gm_abhishek/.m2/repository/net/minidev/json-smart/2.4.10/json-smart-2.4.10.jar:/Users/gm_abhishek/.m2/repository/net/minidev/accessors-smart/2.4.9/accessors-smart-2.4.9.jar:/Users/gm_abhishek/.m2/repository/org/ow2/asm/asm/9.3/asm-9.3.jar:/Users/gm_abhishek/.m2/repository/org/assertj/assertj-core/3.24.2/assertj-core-3.24.2.jar:/Users/gm_abhishek/.m2/repository/org/hamcrest/hamcrest/2.2/hamcrest-2.2.jar:/Users/gm_abhishek/.m2/repository/org/junit/jupiter/junit-jupiter/5.9.3/junit-jupiter-5.9.3.jar:/Users/gm_abhishek/.m2/repository/org/junit/jupiter/junit-jupiter-api/5.9.3/junit-jupiter-api-5.9.3.jar:/Users/gm_abhishek/.m2/repository/org/opentest4j/opentest4j/1.2.0/opentest4j-1.2.0.jar:/Users/gm_abhishek/.m2/repository/org/junit/platform/junit-platform-commons/1.9.3/junit-platform-commons-1.9.3.jar:/Users/gm_abhishek/.m2/repository/org/apiguardian/apiguardian-api/1.1.2/apiguardian-api-1.1.2.jar:/Users/gm_abhishek/.m2/repository/org/junit/jupiter/junit-jupiter-params/5.9.3/junit-jupiter-params-5.9.3.jar:/Users/gm_abhishek/.m2/repository/org/junit/jupiter/junit-jupiter-engine/5.9.3/junit-jupiter-engine-5.9.3.jar:/Users/gm_abhishek/.m2/repository/org/junit/platform/junit-platform-engine/1.9.3/junit-platform-engine-1.9.3.jar:/Users/gm_abhishek/.m2/repository/org/mockito/mockito-core/5.3.1/mockito-core-5.3.1.jar:/Users/gm_abhishek/.m2/repository/net/bytebuddy/byte-buddy-agent/1.14.4/byte-buddy-agent-1.14.4.jar:/Users/gm_abhishek/.m2/repository/org/objenesis/objenesis/3.3/objenesis-3.3.jar:/Users/gm_abhishek/.m2/repository/org/mockito/mockito-junit-jupiter/5.3.1/mockito-junit-jupiter-5.3.1.jar:/Users/gm_abhishek/.m2/repository/org/skyscreamer/jsonassert/1.5.1/jsonassert-1.5.1.jar:/Users/gm_abhishek/.m2/repository/com/vaadin/external/google/android-json/0.0.20131108.vaadin1/android-json-0.0.20131108.vaadin1.jar:/Users/gm_abhishek/.m2/repository/org/springframework/spring-core/6.0.9/spring-core-6.0.9.jar:/Users/gm_abhishek/.m2/repository/org/springframework/spring-jcl/6.0.9/spring-jcl-6.0.9.jar:/Users/gm_abhishek/.m2/repository/org/springframework/spring-test/6.0.9/spring-test-6.0.9.jar:/Users/gm_abhishek/.m2/repository/org/xmlunit/xmlunit-core/2.9.1/xmlunit-core-2.9.1.jar:/Users/gm_abhishek/.m2/repository/com/amazonaws/aws-java-sdk/1.11.163/aws-java-sdk-1.11.163.jar:/Users/gm_abhishek/.m2/repository/com/amazonaws/aws-java-sdk-dax/1.11.163/aws-java-sdk-dax-1.11.163.jar:/Users/gm_abhishek/.m2/repository/com/amazonaws/jmespath-java/1.11.163/jmespath-java-1.11.163.jar:/Users/gm_abhishek/.m2/repository/com/amazonaws/aws-java-sdk-greengrass/1.11.163/aws-java-sdk-greengrass-1.11.163.jar:/Users/gm_abhishek/.m2/repository/com/amazonaws/aws-java-sdk-athena/1.11.163/aws-java-sdk-athena-1.11.163.jar:/Users/gm_abhishek/.m2/repository/com/amazonaws/aws-java-sdk-marketplaceentitlement/1.11.163/aws-java-sdk-marketplaceentitlement-1.11.163.jar:/Users/gm_abhishek/.m2/repository/com/amazonaws/aws-java-sdk-codestar/1.11.163/aws-java-sdk-codestar-1.11.163.jar:/Users/gm_abhishek/.m2/repository/com/amazonaws/aws-java-sdk-lexmodelbuilding/1.11.163/aws-java-sdk-lexmodelbuilding-1.11.163.jar:/Users/gm_abhishek/.m2/repository/com/amazonaws/aws-java-sdk-resourcegroupstaggingapi/1.11.163/aws-java-sdk-resourcegroupstaggingapi-1.11.163.jar:/Users/gm_abhishek/.m2/repository/com/amazonaws/aws-java-sdk-pinpoint/1.11.163/aws-java-sdk-pinpoint-1.11.163.jar:/Users/gm_abhishek/.m2/repository/com/amazonaws/aws-java-sdk-xray/1.11.163/aws-java-sdk-xray-1.11.163.jar:/Users/gm_abhishek/.m2/repository/com/amazonaws/aws-java-sdk-opsworkscm/1.11.163/aws-java-sdk-opsworkscm-1.11.163.jar:/Users/gm_abhishek/.m2/repository/com/amazonaws/aws-java-sdk-support/1.11.163/aws-java-sdk-support-1.11.163.jar:/Users/gm_abhishek/.m2/repository/com/amazonaws/aws-java-sdk-simpledb/1.11.163/aws-java-sdk-simpledb-1.11.163.jar:/Users/gm_abhishek/.m2/repository/com/amazonaws/aws-java-sdk-servicecatalog/1.11.163/aws-java-sdk-servicecatalog-1.11.163.jar:/Users/gm_abhishek/.m2/repository/com/amazonaws/aws-java-sdk-servermigration/1.11.163/aws-java-sdk-servermigration-1.11.163.jar:/Users/gm_abhishek/.m2/repository/com/amazonaws/aws-java-sdk-simpleworkflow/1.11.163/aws-java-sdk-simpleworkflow-1.11.163.jar:/Users/gm_abhishek/.m2/repository/com/amazonaws/aws-java-sdk-storagegateway/1.11.163/aws-java-sdk-storagegateway-1.11.163.jar:/Users/gm_abhishek/.m2/repository/com/amazonaws/aws-java-sdk-route53/1.11.163/aws-java-sdk-route53-1.11.163.jar:/Users/gm_abhishek/.m2/repository/com/amazonaws/aws-java-sdk-s3/1.11.163/aws-java-sdk-s3-1.11.163.jar:/Users/gm_abhishek/.m2/repository/com/amazonaws/aws-java-sdk-importexport/1.11.163/aws-java-sdk-importexport-1.11.163.jar:/Users/gm_abhishek/.m2/repository/com/amazonaws/aws-java-sdk-sts/1.11.163/aws-java-sdk-sts-1.11.163.jar:/Users/gm_abhishek/.m2/repository/com/amazonaws/aws-java-sdk-sqs/1.11.163/aws-java-sdk-sqs-1.11.163.jar:/Users/gm_abhishek/.m2/repository/com/amazonaws/aws-java-sdk-rds/1.11.163/aws-java-sdk-rds-1.11.163.jar:/Users/gm_abhishek/.m2/repository/com/amazonaws/aws-java-sdk-redshift/1.11.163/aws-java-sdk-redshift-1.11.163.jar:/Users/gm_abhishek/.m2/repository/com/amazonaws/aws-java-sdk-elasticbeanstalk/1.11.163/aws-java-sdk-elasticbeanstalk-1.11.163.jar:/Users/gm_abhishek/.m2/repository/com/amazonaws/aws-java-sdk-glacier/1.11.163/aws-java-sdk-glacier-1.11.163.jar:/Users/gm_abhishek/.m2/repository/com/amazonaws/aws-java-sdk-iam/1.11.163/aws-java-sdk-iam-1.11.163.jar:/Users/gm_abhishek/.m2/repository/com/amazonaws/aws-java-sdk-datapipeline/1.11.163/aws-java-sdk-datapipeline-1.11.163.jar:/Users/gm_abhishek/.m2/repository/com/amazonaws/aws-java-sdk-elasticloadbalancing/1.11.163/aws-java-sdk-elasticloadbalancing-1.11.163.jar:/Users/gm_abhishek/.m2/repository/com/amazonaws/aws-java-sdk-elasticloadbalancingv2/1.11.163/aws-java-sdk-elasticloadbalancingv2-1.11.163.jar:/Users/gm_abhishek/.m2/repository/com/amazonaws/aws-java-sdk-emr/1.11.163/aws-java-sdk-emr-1.11.163.jar:/Users/gm_abhishek/.m2/repository/com/amazonaws/aws-java-sdk-elasticache/1.11.163/aws-java-sdk-elasticache-1.11.163.jar:/Users/gm_abhishek/.m2/repository/com/amazonaws/aws-java-sdk-elastictranscoder/1.11.163/aws-java-sdk-elastictranscoder-1.11.163.jar:/Users/gm_abhishek/.m2/repository/com/amazonaws/aws-java-sdk-ec2/1.11.163/aws-java-sdk-ec2-1.11.163.jar:/Users/gm_abhishek/.m2/repository/com/amazonaws/aws-java-sdk-dynamodb/1.11.163/aws-java-sdk-dynamodb-1.11.163.jar:/Users/gm_abhishek/.m2/repository/com/amazonaws/aws-java-sdk-sns/1.11.163/aws-java-sdk-sns-1.11.163.jar:/Users/gm_abhishek/.m2/repository/com/amazonaws/aws-java-sdk-budgets/1.11.163/aws-java-sdk-budgets-1.11.163.jar:/Users/gm_abhishek/.m2/repository/com/amazonaws/aws-java-sdk-cloudtrail/1.11.163/aws-java-sdk-cloudtrail-1.11.163.jar:/Users/gm_abhishek/.m2/repository/com/amazonaws/aws-java-sdk-cloudwatch/1.11.163/aws-java-sdk-cloudwatch-1.11.163.jar:/Users/gm_abhishek/.m2/repository/com/amazonaws/aws-java-sdk-logs/1.11.163/aws-java-sdk-logs-1.11.163.jar:/Users/gm_abhishek/.m2/repository/com/amazonaws/aws-java-sdk-events/1.11.163/aws-java-sdk-events-1.11.163.jar:/Users/gm_abhishek/.m2/repository/com/amazonaws/aws-java-sdk-cognitoidentity/1.11.163/aws-java-sdk-cognitoidentity-1.11.163.jar:/Users/gm_abhishek/.m2/repository/com/amazonaws/aws-java-sdk-cognitosync/1.11.163/aws-java-sdk-cognitosync-1.11.163.jar:/Users/gm_abhishek/.m2/repository/com/amazonaws/aws-java-sdk-directconnect/1.11.163/aws-java-sdk-directconnect-1.11.163.jar:/Users/gm_abhishek/.m2/repository/com/amazonaws/aws-java-sdk-cloudformation/1.11.163/aws-java-sdk-cloudformation-1.11.163.jar:/Users/gm_abhishek/.m2/repository/com/amazonaws/aws-java-sdk-cloudfront/1.11.163/aws-java-sdk-cloudfront-1.11.163.jar:/Users/gm_abhishek/.m2/repository/com/amazonaws/aws-java-sdk-clouddirectory/1.11.163/aws-java-sdk-clouddirectory-1.11.163.jar:/Users/gm_abhishek/.m2/repository/com/amazonaws/aws-java-sdk-kinesis/1.11.163/aws-java-sdk-kinesis-1.11.163.jar:/Users/gm_abhishek/.m2/repository/com/amazonaws/aws-java-sdk-opsworks/1.11.163/aws-java-sdk-opsworks-1.11.163.jar:/Users/gm_abhishek/.m2/repository/com/amazonaws/aws-java-sdk-ses/1.11.163/aws-java-sdk-ses-1.11.163.jar:/Users/gm_abhishek/.m2/repository/com/amazonaws/aws-java-sdk-autoscaling/1.11.163/aws-java-sdk-autoscaling-1.11.163.jar:/Users/gm_abhishek/.m2/repository/com/amazonaws/aws-java-sdk-cloudsearch/1.11.163/aws-java-sdk-cloudsearch-1.11.163.jar:/Users/gm_abhishek/.m2/repository/com/amazonaws/aws-java-sdk-cloudwatchmetrics/1.11.163/aws-java-sdk-cloudwatchmetrics-1.11.163.jar:/Users/gm_abhishek/.m2/repository/com/amazonaws/aws-java-sdk-codedeploy/1.11.163/aws-java-sdk-codedeploy-1.11.163.jar:/Users/gm_abhishek/.m2/repository/com/amazonaws/aws-java-sdk-codepipeline/1.11.163/aws-java-sdk-codepipeline-1.11.163.jar:/Users/gm_abhishek/.m2/repository/com/amazonaws/aws-java-sdk-kms/1.11.163/aws-java-sdk-kms-1.11.163.jar:/Users/gm_abhishek/.m2/repository/com/amazonaws/aws-java-sdk-config/1.11.163/aws-java-sdk-config-1.11.163.jar:/Users/gm_abhishek/.m2/repository/com/amazonaws/aws-java-sdk-lambda/1.11.163/aws-java-sdk-lambda-1.11.163.jar:/Users/gm_abhishek/.m2/repository/com/amazonaws/aws-java-sdk-ecs/1.11.163/aws-java-sdk-ecs-1.11.163.jar:/Users/gm_abhishek/.m2/repository/com/amazonaws/aws-java-sdk-ecr/1.11.163/aws-java-sdk-ecr-1.11.163.jar:/Users/gm_abhishek/.m2/repository/com/amazonaws/aws-java-sdk-cloudhsm/1.11.163/aws-java-sdk-cloudhsm-1.11.163.jar:/Users/gm_abhishek/.m2/repository/com/amazonaws/aws-java-sdk-ssm/1.11.163/aws-java-sdk-ssm-1.11.163.jar:/Users/gm_abhishek/.m2/repository/com/amazonaws/aws-java-sdk-workspaces/1.11.163/aws-java-sdk-workspaces-1.11.163.jar:/Users/gm_abhishek/.m2/repository/com/amazonaws/aws-java-sdk-machinelearning/1.11.163/aws-java-sdk-machinelearning-1.11.163.jar:/Users/gm_abhishek/.m2/repository/com/amazonaws/aws-java-sdk-directory/1.11.163/aws-java-sdk-directory-1.11.163.jar:/Users/gm_abhishek/.m2/repository/com/amazonaws/aws-java-sdk-efs/1.11.163/aws-java-sdk-efs-1.11.163.jar:/Users/gm_abhishek/.m2/repository/com/amazonaws/aws-java-sdk-codecommit/1.11.163/aws-java-sdk-codecommit-1.11.163.jar:/Users/gm_abhishek/.m2/repository/com/amazonaws/aws-java-sdk-devicefarm/1.11.163/aws-java-sdk-devicefarm-1.11.163.jar:/Users/gm_abhishek/.m2/repository/com/amazonaws/aws-java-sdk-elasticsearch/1.11.163/aws-java-sdk-elasticsearch-1.11.163.jar:/Users/gm_abhishek/.m2/repository/com/amazonaws/aws-java-sdk-waf/1.11.163/aws-java-sdk-waf-1.11.163.jar:/Users/gm_abhishek/.m2/repository/com/amazonaws/aws-java-sdk-marketplacecommerceanalytics/1.11.163/aws-java-sdk-marketplacecommerceanalytics-1.11.163.jar:/Users/gm_abhishek/.m2/repository/com/amazonaws/aws-java-sdk-inspector/1.11.163/aws-java-sdk-inspector-1.11.163.jar:/Users/gm_abhishek/.m2/repository/com/amazonaws/aws-java-sdk-iot/1.11.163/aws-java-sdk-iot-1.11.163.jar:/Users/gm_abhishek/.m2/repository/com/amazonaws/aws-java-sdk-api-gateway/1.11.163/aws-java-sdk-api-gateway-1.11.163.jar:/Users/gm_abhishek/.m2/repository/com/amazonaws/aws-java-sdk-acm/1.11.163/aws-java-sdk-acm-1.11.163.jar:/Users/gm_abhishek/.m2/repository/com/amazonaws/aws-java-sdk-gamelift/1.11.163/aws-java-sdk-gamelift-1.11.163.jar:/Users/gm_abhishek/.m2/repository/com/amazonaws/aws-java-sdk-dms/1.11.163/aws-java-sdk-dms-1.11.163.jar:/Users/gm_abhishek/.m2/repository/com/amazonaws/aws-java-sdk-marketplacemeteringservice/1.11.163/aws-java-sdk-marketplacemeteringservice-1.11.163.jar:/Users/gm_abhishek/.m2/repository/com/amazonaws/aws-java-sdk-cognitoidp/1.11.163/aws-java-sdk-cognitoidp-1.11.163.jar:/Users/gm_abhishek/.m2/repository/com/amazonaws/aws-java-sdk-discovery/1.11.163/aws-java-sdk-discovery-1.11.163.jar:/Users/gm_abhishek/.m2/repository/com/amazonaws/aws-java-sdk-applicationautoscaling/1.11.163/aws-java-sdk-applicationautoscaling-1.11.163.jar:/Users/gm_abhishek/.m2/repository/com/amazonaws/aws-java-sdk-snowball/1.11.163/aws-java-sdk-snowball-1.11.163.jar:/Users/gm_abhishek/.m2/repository/com/amazonaws/aws-java-sdk-rekognition/1.11.163/aws-java-sdk-rekognition-1.11.163.jar:/Users/gm_abhishek/.m2/repository/com/amazonaws/aws-java-sdk-polly/1.11.163/aws-java-sdk-polly-1.11.163.jar:/Users/gm_abhishek/.m2/repository/com/amazonaws/aws-java-sdk-lightsail/1.11.163/aws-java-sdk-lightsail-1.11.163.jar:/Users/gm_abhishek/.m2/repository/com/amazonaws/aws-java-sdk-stepfunctions/1.11.163/aws-java-sdk-stepfunctions-1.11.163.jar:/Users/gm_abhishek/.m2/repository/com/amazonaws/aws-java-sdk-health/1.11.163/aws-java-sdk-health-1.11.163.jar:/Users/gm_abhishek/.m2/repository/com/amazonaws/aws-java-sdk-costandusagereport/1.11.163/aws-java-sdk-costandusagereport-1.11.163.jar:/Users/gm_abhishek/.m2/repository/com/amazonaws/aws-java-sdk-codebuild/1.11.163/aws-java-sdk-codebuild-1.11.163.jar:/Users/gm_abhishek/.m2/repository/com/amazonaws/aws-java-sdk-appstream/1.11.163/aws-java-sdk-appstream-1.11.163.jar:/Users/gm_abhishek/.m2/repository/com/amazonaws/aws-java-sdk-shield/1.11.163/aws-java-sdk-shield-1.11.163.jar:/Users/gm_abhishek/.m2/repository/com/amazonaws/aws-java-sdk-batch/1.11.163/aws-java-sdk-batch-1.11.163.jar:/Users/gm_abhishek/.m2/repository/com/amazonaws/aws-java-sdk-lex/1.11.163/aws-java-sdk-lex-1.11.163.jar:/Users/gm_abhishek/.m2/repository/com/amazonaws/aws-java-sdk-mechanicalturkrequester/1.11.163/aws-java-sdk-mechanicalturkrequester-1.11.163.jar:/Users/gm_abhishek/.m2/repository/com/amazonaws/aws-java-sdk-organizations/1.11.163/aws-java-sdk-organizations-1.11.163.jar:/Users/gm_abhishek/.m2/repository/com/amazonaws/aws-java-sdk-workdocs/1.11.163/aws-java-sdk-workdocs-1.11.163.jar:/Users/gm_abhishek/.m2/repository/com/amazonaws/aws-java-sdk-core/1.11.163/aws-java-sdk-core-1.11.163.jar:/Users/gm_abhishek/.m2/repository/commons-logging/commons-logging/1.1.3/commons-logging-1.1.3.jar:/Users/gm_abhishek/.m2/repository/org/apache/httpcomponents/httpclient/4.5.2/httpclient-4.5.2.jar:/Users/gm_abhishek/.m2/repository/org/apache/httpcomponents/httpcore/4.4.16/httpcore-4.4.16.jar:/Users/gm_abhishek/.m2/repository/commons-codec/commons-codec/1.15/commons-codec-1.15.jar:/Users/gm_abhishek/.m2/repository/software/amazon/ion/ion-java/1.0.2/ion-java-1.0.2.jar:/Users/gm_abhishek/.m2/repository/com/fasterxml/jackson/dataformat/jackson-dataformat-cbor/2.15.0/jackson-dataformat-cbor-2.15.0.jar:/Users/gm_abhishek/.m2/repository/joda-time/joda-time/2.8.1/joda-time-2.8.1.jar:/Users/gm_abhishek/.m2/repository/com/amazonaws/aws-java-sdk-models/1.11.163/aws-java-sdk-models-1.11.163.jar:/Users/gm_abhishek/.m2/repository/com/amazonaws/aws-java-sdk-swf-libraries/1.11.22/aws-java-sdk-swf-libraries-1.11.22.jar:"/>
    <property name="sun.cpu.endian" value="little"/>
    <property name="user.home" value="/Users/gm_abhishek"/>
    <property name="user.language" value="en"/>
    <property name="java.specification.vendor" value="Oracle Corporation"/>
    <property name="java.version.date" value="2023-04-18"/>
    <property name="java.home" value="/opt/homebrew/Cellar/openjdk/20.0.1/libexec/openjdk.jdk/Contents/Home"/>
    <property name="file.separator" value="/"/>
    <property name="basedir" value="/Volumes/Dev Abyss/Project/react-springboot-music-app/backend"/>
    <property name="java.vm.compressedOopsMode" value="Zero based"/>
    <property name="line.separator" value="&#10;"/>
    <property name="java.vm.specification.vendor" value="Oracle Corporation"/>
    <property name="java.specification.name" value="Java Platform API Specification"/>
    <property name="FILE_LOG_CHARSET" value="UTF-8"/>
    <property name="java.awt.headless" value="true"/>
    <property name="apple.awt.application.name" value="ForkedBooter"/>
    <property name="surefire.real.class.path" value="/Volumes/Dev Abyss/Project/react-springboot-music-app/backend/target/surefire/surefirebooter-20230612223720061_3.jar"/>
    <property name="sun.management.compiler" value="HotSpot 64-Bit Tiered Compilers"/>
    <property name="ftp.nonProxyHosts" value="local|*.local|169.254/16|*.169.254/16"/>
    <property name="java.runtime.version" value="20.0.1"/>
    <property name="user.name" value="gm_abhishek"/>
    <property name="stdout.encoding" value="UTF-8"/>
    <property name="path.separator" value=":"/>
    <property name="os.version" value="13.4"/>
    <property name="java.runtime.name" value="OpenJDK Runtime Environment"/>
    <property name="file.encoding" value="UTF-8"/>
    <property name="java.vm.name" value="OpenJDK 64-Bit Server VM"/>
    <property name="java.vendor.version" value="Homebrew"/>
    <property name="localRepository" value="/Users/gm_abhishek/.m2/repository"/>
    <property name="java.vendor.url.bug" value="https://github.com/Homebrew/homebrew-core/issues"/>
    <property name="java.io.tmpdir" value="/var/folders/37/kd4wlnh945j9lkw19_s5hkz00000gp/T/"/>
    <property name="com.zaxxer.hikari.pool_number" value="1"/>
    <property name="java.version" value="20.0.1"/>
    <property name="user.dir" value="/Volumes/Dev Abyss/Project/react-springboot-music-app/backend"/>
    <property name="os.arch" value="aarch64"/>
    <property name="java.vm.specification.name" value="Java Virtual Machine Specification"/>
    <property name="PID" value="31307"/>
    <property name="CONSOLE_LOG_CHARSET" value="UTF-8"/>
    <property name="native.encoding" value="UTF-8"/>
    <property name="java.library.path" value="/Users/gm_abhishek/Library/Java/Extensions:/Library/Java/Extensions:/Network/Library/Java/Extensions:/System/Library/Java/Extensions:/usr/lib/java:."/>
    <property name="java.vm.info" value="mixed mode, sharing"/>
    <property name="stderr.encoding" value="UTF-8"/>
    <property name="java.vendor" value="Homebrew"/>
    <property name="java.vm.version" value="20.0.1"/>
    <property name="sun.io.unicode.encoding" value="UnicodeBig"/>
    <property name="socksNonProxyHosts" value="local|*.local|169.254/16|*.169.254/16"/>
    <property name="java.class.version" value="64.0"/>
  </properties>
  <testcase name="contextLoads" classname="app.music.playlist.PlaylistApplicationTests" time="0.284">
    <system-out><![CDATA[22:37:20.389 [main] INFO org.springframework.test.context.support.AnnotationConfigContextLoaderUtils -- Could not detect default configuration classes for test class [app.music.playlist.PlaylistApplicationTests]: PlaylistApplicationTests does not declare any static, non-private, non-final, nested classes annotated with @Configuration.
22:37:20.432 [main] INFO org.springframework.boot.test.context.SpringBootTestContextBootstrapper -- Found @SpringBootConfiguration app.music.playlist.PlaylistApplication for test class app.music.playlist.PlaylistApplicationTests

  .   ____          _            __ _ _
 /\\ / ___'_ __ _ _(_)_ __  __ _ \ \ \ \
( ( )\___ | '_ | '_| | '_ \/ _` | \ \ \ \
 \\/  ___)| |_)| | | | | || (_| |  ) ) ) )
  '  |____| .__|_| |_|_| |_\__, | / / / /
 =========|_|==============|___/=/_/_/_/
 :: Spring Boot ::                (v3.1.0)

2023-06-12T22:37:20.576+05:30  INFO 31307 --- [           main] a.m.playlist.PlaylistApplicationTests    : Starting PlaylistApplicationTests using Java 20.0.1 with PID 31307 (started by gm_abhishek in /Volumes/Dev Abyss/Project/react-springboot-music-app/backend)
2023-06-12T22:37:20.577+05:30  INFO 31307 --- [           main] a.m.playlist.PlaylistApplicationTests    : No active profile set, falling back to 1 default profile: "default"
2023-06-12T22:37:20.792+05:30  INFO 31307 --- [           main] .s.d.r.c.RepositoryConfigurationDelegate : Bootstrapping Spring Data JPA repositories in DEFAULT mode.
2023-06-12T22:37:20.814+05:30  INFO 31307 --- [           main] .s.d.r.c.RepositoryConfigurationDelegate : Finished Spring Data repository scanning in 19 ms. Found 3 JPA repository interfaces.
2023-06-12T22:37:20.994+05:30  INFO 31307 --- [           main] o.hibernate.jpa.internal.util.LogHelper  : HHH000204: Processing PersistenceUnitInfo [name: default]
2023-06-12T22:37:21.010+05:30  INFO 31307 --- [           main] org.hibernate.Version                    : HHH000412: Hibernate ORM core version 6.2.2.Final
2023-06-12T22:37:21.011+05:30  INFO 31307 --- [           main] org.hibernate.cfg.Environment            : HHH000406: Using bytecode reflection optimizer
2023-06-12T22:37:21.064+05:30  INFO 31307 --- [           main] o.h.b.i.BytecodeProviderInitiator        : HHH000021: Bytecode provider name : bytebuddy
2023-06-12T22:37:21.106+05:30  INFO 31307 --- [           main] o.s.o.j.p.SpringPersistenceUnitInfo      : No LoadTimeWeaver setup: ignoring JPA class transformer
2023-06-12T22:37:21.111+05:30  INFO 31307 --- [           main] com.zaxxer.hikari.HikariDataSource       : HikariPool-1 - Starting...
2023-06-12T22:37:21.289+05:30  INFO 31307 --- [           main] com.zaxxer.hikari.pool.HikariPool        : HikariPool-1 - Added connection com.mysql.cj.jdbc.ConnectionImpl@6121a7dd
2023-06-12T22:37:21.290+05:30  INFO 31307 --- [           main] com.zaxxer.hikari.HikariDataSource       : HikariPool-1 - Start completed.
2023-06-12T22:37:21.308+05:30  INFO 31307 --- [           main] org.hibernate.orm.dialect                : HHH035001: Using dialect: org.hibernate.dialect.MySQL8Dialect, version: 8.0
2023-06-12T22:37:21.308+05:30  WARN 31307 --- [           main] org.hibernate.orm.deprecation            : HHH90000026: MySQL8Dialect has been deprecated; use org.hibernate.dialect.MySQLDialect instead
2023-06-12T22:37:21.391+05:30  INFO 31307 --- [           main] o.h.b.i.BytecodeProviderInitiator        : HHH000021: Bytecode provider name : bytebuddy
2023-06-12T22:37:21.650+05:30  INFO 31307 --- [           main] o.h.e.t.j.p.i.JtaPlatformInitiator       : HHH000490: Using JtaPlatform implementation: [org.hibernate.engine.transaction.jta.platform.internal.NoJtaPlatform]
Hibernate: 
    alter table album 
       modify column url_cover_photo  TEXT
2023-06-12T22:37:21.716+05:30  INFO 31307 --- [           main] j.LocalContainerEntityManagerFactoryBean : Initialized JPA EntityManagerFactory for persistence unit 'default'
2023-06-12T22:37:21.938+05:30  WARN 31307 --- [           main] JpaBaseConfiguration$JpaWebConfiguration : spring.jpa.open-in-view is enabled by default. Therefore, database queries may be performed during view rendering. Explicitly configure spring.jpa.open-in-view to disable this warning
2023-06-12T22:37:22.087+05:30  INFO 31307 --- [           main] a.m.playlist.PlaylistApplicationTests    : Started PlaylistApplicationTests in 1.611 seconds (process running for 1.983)
]]></system-out>
  </testcase>
</testsuite>